[debug] [2019-10-16T12:29:33.392Z] ----------------------------------------------------------------------
[debug] [2019-10-16T12:29:33.393Z] Command:       /usr/bin/node /usr/bin/firebase serve
[debug] [2019-10-16T12:29:33.393Z] CLI Version:   7.6.0
[debug] [2019-10-16T12:29:33.393Z] Platform:      linux
[debug] [2019-10-16T12:29:33.393Z] Node Version:  v12.11.1
[debug] [2019-10-16T12:29:33.394Z] Time:          Wed Oct 16 2019 13:29:33 GMT+0100 (British Summer Time)
[debug] [2019-10-16T12:29:33.394Z] ----------------------------------------------------------------------
[debug] 
[debug] [2019-10-16T12:29:33.397Z] > command requires scopes: ["email","openid","https://www.googleapis.com/auth/cloudplatformprojects.readonly","https://www.googleapis.com/auth/firebase","https://www.googleapis.com/auth/cloud-platform"]
[debug] [2019-10-16T12:29:33.398Z] > authorizing via signed-in user
[debug] [2019-10-16T12:29:33.398Z] [iam] checking project pipe-score for permissions ["firebase.projects.get"]
[debug] [2019-10-16T12:29:33.399Z] >>> HTTP REQUEST POST https://cloudresourcemanager.googleapis.com/v1/projects/pipe-score:testIamPermissions  

[debug] [2019-10-16T12:29:34.485Z] <<< HTTP RESPONSE 200
[debug] [2019-10-16T12:29:34.488Z] >>> HTTP REQUEST GET https://firebase.googleapis.com/v1beta1/projects/pipe-score  
 
[debug] [2019-10-16T12:29:34.733Z] <<< HTTP RESPONSE 200
[info] 
[info] === Serving from '/home/archie/Documents/projects/pipescore'...
[info] 
[debug] [2019-10-16T12:29:34.736Z] >>> HTTP REQUEST GET https://firebase.googleapis.com/v1beta1/projects/pipe-score/webApps/-/config  
 
[debug] [2019-10-16T12:29:35.305Z] <<< HTTP RESPONSE 200
[info] i  hosting: Serving hosting files from: templates
[info] ✔  hosting: Local server: http://localhost:5000
